<?xml version="1.0" encoding="UTF-8"?>
<testng-results skipped="0" failed="0" ignored="0" total="1" passed="1">
  <reporter-output>
  </reporter-output>
  <suite name="Default suite" duration-ms="27236" started-at="2019-03-08T17:18:51Z" finished-at="2019-03-08T17:19:18Z">
    <groups>
    </groups>
    <test name="Default test" duration-ms="27236" started-at="2019-03-08T17:18:51Z" finished-at="2019-03-08T17:19:18Z">
      <class name="techno.Framework.AppTest">
        <test-method status="PASS" signature="m1()[pri:0, instance:techno.Framework.AppTest@5e5792a0]" name="m1" duration-ms="27200" started-at="2019-03-08T17:18:51Z" finished-at="2019-03-08T17:19:18Z">
          <reporter-output>
          </reporter-output>
        </test-method> <!-- m1 -->
      </class> <!-- techno.Framework.AppTest -->
    </test> <!-- Default test -->
  </suite> <!-- Default suite -->
</testng-results>
